<?xml version="1.0" encoding="UTF-8"?>
<!-- Generated by org.testng.reporters.JUnitReportReporter -->
<testsuite skipped="0" hostname="IN-ANKITCHATURV" name="com.Web.TC_LoginTestCases" tests="1" failures="0" timestamp="22 Jan 2020 19:45:17 GMT" time="4.164" errors="0">
  <testcase name="loginWithValidCredentials" time="4.164" classname="com.Web.TC_LoginTestCases"/>
</testsuite> <!-- com.Web.TC_LoginTestCases -->
