<?xml version="1.0" encoding="UTF-8"?>
<!-- Generated by org.testng.reporters.JUnitReportReporter -->
<testsuite skipped="0" hostname="IN-ANKITCHATURV" name="com.Web.TC_LoginPageTests" tests="3" failures="0" timestamp="24 Jan 2020 04:28:15 GMT" time="16.193" errors="0">
  <testcase name="validateLoginError" time="4.312" classname="com.Web.TC_LoginPageTests"/>
  <testcase name="validateLoginFeature" time="9.884" classname="com.Web.TC_LoginPageTests"/>
  <testcase name="validateLogOut" time="1.997" classname="com.Web.TC_LoginPageTests"/>
</testsuite> <!-- com.Web.TC_LoginPageTests -->
