<?xml version="1.0" encoding="UTF-8"?>
<!-- Generated by org.testng.reporters.JUnitReportReporter -->
<testsuite skipped="0" hostname="IN-ANKITCHATURV" name="com.Web.TC_LoginPageTests" tests="3" failures="0" timestamp="26 Jan 2020 10:17:27 GMT" time="13.545" errors="0">
  <testcase name="validateLogOut" time="1.462" classname="com.Web.TC_LoginPageTests"/>
  <testcase name="validateLoginFeature" time="8.744" classname="com.Web.TC_LoginPageTests"/>
  <testcase name="validateLoginError" time="3.339" classname="com.Web.TC_LoginPageTests"/>
</testsuite> <!-- com.Web.TC_LoginPageTests -->
